<?xml version="1.0" encoding="UTF-8"?>
<!-- Generated by org.testng.reporters.JUnitReportReporter -->
<testsuite hostname="Admin-PC" failures="0" tests="4" name="pack2.TestClassabc" time="0.068" errors="0" timestamp="2022-09-17T18:31:05 IST" skipped="0">
  <testcase classname="pack2.TestClassabc" name="testC" time="0.005"/>
  <system-out/>
  <testcase classname="pack2.TestClassabc" name="testA" time="0.026"/>
  <system-out/>
  <testcase classname="pack2.TestClassabc" name="testB" time="0.011"/>
  <system-out/>
  <testcase classname="pack2.TestClassabc" name="testD" time="0.026"/>
  <system-out/>
</testsuite> <!-- pack2.TestClassabc -->
